c:\users\jmlove\documents\visual studio 2010\projects\rocheprices\rocheprices\debug\roche.obj
c:\users\jmlove\documents\visual studio 2010\projects\rocheprices\rocheprices\debug\vc100.pdb
c:\users\jmlove\documents\visual studio 2010\projects\rocheprices\rocheprices\debug\controls.obj
c:\users\jmlove\documents\visual studio 2010\projects\rocheprices\rocheprices\debug\isesupplies.obj
c:\users\jmlove\documents\visual studio 2010\projects\rocheprices\rocheprices\debug\pricelist2.obj
c:\users\jmlove\documents\visual studio 2010\projects\rocheprices\debug\rocheprices.ilk
c:\users\jmlove\documents\visual studio 2010\projects\rocheprices\debug\rocheprices.exe
c:\users\jmlove\documents\visual studio 2010\projects\rocheprices\rocheprices\debug\rocheprices.exe.intermediate.manifest
c:\users\jmlove\documents\visual studio 2010\projects\rocheprices\debug\rocheprices.pdb
c:\users\jmlove\documents\visual studio 2010\projects\rocheprices\rocheprices\debug\vc140.pdb
c:\users\jmlove\documents\visual studio 2010\projects\rocheprices\rocheprices\debug\vc140.idb
c:\users\jmlove\documents\visual studio 2010\projects\rocheprices\rocheprices\debug\rocheprices.vcxprojresolveassemblyreference.cache
c:\users\jmlove\documents\visual studio 2010\projects\rocheprices\rocheprices\debug\cl.command.1.tlog
c:\users\jmlove\documents\visual studio 2010\projects\rocheprices\rocheprices\debug\cl.read.1.tlog
c:\users\jmlove\documents\visual studio 2010\projects\rocheprices\rocheprices\debug\cl.write.1.tlog
c:\users\jmlove\documents\visual studio 2010\projects\rocheprices\rocheprices\debug\link.command.1.tlog
c:\users\jmlove\documents\visual studio 2010\projects\rocheprices\rocheprices\debug\link.read.1.tlog
c:\users\jmlove\documents\visual studio 2010\projects\rocheprices\rocheprices\debug\link.write.1.tlog
c:\users\jmlove\documents\visual studio 2010\projects\rocheprices\rocheprices\debug\mt.command.1.tlog
c:\users\jmlove\documents\visual studio 2010\projects\rocheprices\rocheprices\debug\mt.read.1.tlog
c:\users\jmlove\documents\visual studio 2010\projects\rocheprices\rocheprices\debug\mt.write.1.tlog
c:\users\jmlove\documents\visual studio 2010\projects\rocheprices\rocheprices\debug\rocheprices.write.1.tlog
c:\users\jmlove\documents\visual studio 2010\projects\rocheprices\rocheprices\debug\vc100.idb
c:\users\jmlove\documents\visual studio 2010\projects\rocheprices\rocheprices\debug\rocheprices.tlog\cl.command.1.tlog
c:\users\jmlove\documents\visual studio 2010\projects\rocheprices\rocheprices\debug\rocheprices.tlog\cl.read.1.tlog
c:\users\jmlove\documents\visual studio 2010\projects\rocheprices\rocheprices\debug\rocheprices.tlog\cl.write.1.tlog
